1                                                          SAS 系統                       2016年10月18日星期二 上午10時15分29秒

NOTE: Copyright (c) 2002-2012 by SAS Institute Inc., Cary, NC, USA. 
NOTE: SAS (r) Proprietary Software 9.4 (TS1M1 DBCS3170) 
      已授權給 CHINA MEDICAL UNIVERSITY, 站台 12000739.
NOTE: 此工作階段正在 X64_7PRO  平台上執行。



NOTE: 更新後的分析產品:
      
      SAS/STAT 13.1
      SAS/ETS 13.1
      SAS/OR 13.1
      SAS/IML 13.1
      SAS/QC 13.1

NOTE: 其他主機資訊:

 X64_7PRO WIN 6.1.7601 Service Pack 1 Workstation

NOTE: 已使用 SAS 初始化:
      即時                       0.31 秒
      cpu 時間                   0.15 秒
      
1          option validvarname = v6;libname src2rd 'G:/20161018 rosacea/sas';
NOTE: 已成功指派資料館名稱 SRC2RD，如下所述: 
      引擎:        V9 
      實體名稱: G:\20161018 rosacea\sas
2          libname rd xport 'C:\Users\User\AppData\Local\Temp\RtmpwZyawC\file10701db66305';
NOTE: 已成功指派資料館名稱 RD，如下所述: 
      引擎:        XPORT 
      實體名稱: C:\Users\User\AppData\Local\Temp\RtmpwZyawC\file10701db66305
3          proc copy in=src2rd out=rd;
4          select a ;
NOTE: 正在將 SRC2RD.A 複製到 RD.A (memtype=DATA)。
NOTE: 已從資料集 SRC2RD.A. 讀取 268068 個觀測值
NOTE: 資料集 RD.A 有 268068 個觀測值和 2 個變數。
NOTE: 已使用 PROCEDURE COPY (總處理時間):
      即時                       0.13 秒
      cpu 時間                   0.11 秒
      

NOTE: SAS Institute Inc., SAS Campus Drive, Cary, NC USA 27513-2414
NOTE: 已使用 SAS 系統:
      即時                       0.46 秒
      cpu 時間                   0.29 秒
      
